16-Mar-2017 11:15:21.230 정보 [main] org.apache.catalina.startup.VersionLoggerListener.log Server version:        Apache Tomcat/9.0.0.M17
16-Mar-2017 11:15:21.239 정보 [main] org.apache.catalina.startup.VersionLoggerListener.log Server built:          Jan 10 2017 20:59:20 UTC
16-Mar-2017 11:15:21.240 정보 [main] org.apache.catalina.startup.VersionLoggerListener.log Server number:         9.0.0.0
16-Mar-2017 11:15:21.240 정보 [main] org.apache.catalina.startup.VersionLoggerListener.log OS Name:               Mac OS X
16-Mar-2017 11:15:21.240 정보 [main] org.apache.catalina.startup.VersionLoggerListener.log OS Version:            10.12.3
16-Mar-2017 11:15:21.240 정보 [main] org.apache.catalina.startup.VersionLoggerListener.log Architecture:          x86_64
16-Mar-2017 11:15:21.240 정보 [main] org.apache.catalina.startup.VersionLoggerListener.log Java Home:             /Library/Java/JavaVirtualMachines/jdk1.8.0_121.jdk/Contents/Home/jre
16-Mar-2017 11:15:21.240 정보 [main] org.apache.catalina.startup.VersionLoggerListener.log JVM Version:           1.8.0_121-b13
16-Mar-2017 11:15:21.240 정보 [main] org.apache.catalina.startup.VersionLoggerListener.log JVM Vendor:            Oracle Corporation
16-Mar-2017 11:15:21.240 정보 [main] org.apache.catalina.startup.VersionLoggerListener.log CATALINA_BASE:         /Users/OKSU/Desktop/IOTstudy149/utils/apache-tomcat-9.0.0.M17
16-Mar-2017 11:15:21.240 정보 [main] org.apache.catalina.startup.VersionLoggerListener.log CATALINA_HOME:         /Users/OKSU/Desktop/IOTstudy149/utils/apache-tomcat-9.0.0.M17
16-Mar-2017 11:15:21.241 정보 [main] org.apache.catalina.startup.VersionLoggerListener.log Command line argument: -Djava.util.logging.config.file=/Users/OKSU/Desktop/IOTstudy149/utils/apache-tomcat-9.0.0.M17/conf/logging.properties
16-Mar-2017 11:15:21.241 정보 [main] org.apache.catalina.startup.VersionLoggerListener.log Command line argument: -Djava.util.logging.manager=org.apache.juli.ClassLoaderLogManager
16-Mar-2017 11:15:21.241 정보 [main] org.apache.catalina.startup.VersionLoggerListener.log Command line argument: -Djdk.tls.ephemeralDHKeySize=2048
16-Mar-2017 11:15:21.241 정보 [main] org.apache.catalina.startup.VersionLoggerListener.log Command line argument: -Djava.protocol.handler.pkgs=org.apache.catalina.webresources
16-Mar-2017 11:15:21.241 정보 [main] org.apache.catalina.startup.VersionLoggerListener.log Command line argument: -Dcatalina.base=/Users/OKSU/Desktop/IOTstudy149/utils/apache-tomcat-9.0.0.M17
16-Mar-2017 11:15:21.241 정보 [main] org.apache.catalina.startup.VersionLoggerListener.log Command line argument: -Dcatalina.home=/Users/OKSU/Desktop/IOTstudy149/utils/apache-tomcat-9.0.0.M17
16-Mar-2017 11:15:21.241 정보 [main] org.apache.catalina.startup.VersionLoggerListener.log Command line argument: -Djava.io.tmpdir=/Users/OKSU/Desktop/IOTstudy149/utils/apache-tomcat-9.0.0.M17/temp
16-Mar-2017 11:15:21.241 정보 [main] org.apache.catalina.core.AprLifecycleListener.lifecycleEvent The APR based Apache Tomcat Native library which allows optimal performance in production environments was not found on the java.library.path: /Users/OKSU/Library/Java/Extensions:/Library/Java/Extensions:/Network/Library/Java/Extensions:/System/Library/Java/Extensions:/usr/lib/java:.
16-Mar-2017 11:15:21.512 정보 [main] org.apache.coyote.AbstractProtocol.init Initializing ProtocolHandler ["http-nio-8090"]
16-Mar-2017 11:15:21.580 정보 [main] org.apache.tomcat.util.net.NioSelectorPool.getSharedSelector Using a shared selector for servlet write/read
16-Mar-2017 11:15:21.585 정보 [main] org.apache.coyote.AbstractProtocol.init Initializing ProtocolHandler ["ajp-nio-8009"]
16-Mar-2017 11:15:21.586 정보 [main] org.apache.tomcat.util.net.NioSelectorPool.getSharedSelector Using a shared selector for servlet write/read
16-Mar-2017 11:15:21.587 정보 [main] org.apache.catalina.startup.Catalina.load Initialization processed in 1104 ms
16-Mar-2017 11:15:21.630 정보 [main] org.apache.catalina.core.StandardService.startInternal Starting service Catalina
16-Mar-2017 11:15:21.631 정보 [main] org.apache.catalina.core.StandardEngine.startInternal Starting Servlet Engine: Apache Tomcat/9.0.0.M17
16-Mar-2017 11:15:21.675 정보 [localhost-startStop-1] org.apache.catalina.startup.HostConfig.deployWAR Deploying web application archive /Users/OKSU/Desktop/IOTstudy149/utils/apache-tomcat-9.0.0.M17/webapps/project02movieweb.war
16-Mar-2017 11:15:22.521 정보 [localhost-startStop-1] org.apache.jasper.servlet.TldScanner.scanJars At least one JAR was scanned for TLDs yet contained no TLDs. Enable debug logging for this logger for a complete list of JARs that were scanned but no TLDs were found in them. Skipping unneeded JARs during scanning can improve startup time and JSP compilation time.
16-Mar-2017 11:15:22.662 정보 [localhost-startStop-1] org.apache.catalina.startup.HostConfig.deployWAR Deployment of web application archive /Users/OKSU/Desktop/IOTstudy149/utils/apache-tomcat-9.0.0.M17/webapps/project02movieweb.war has finished in 986 ms
16-Mar-2017 11:15:22.664 정보 [localhost-startStop-1] org.apache.catalina.startup.HostConfig.deployWAR Deploying web application archive /Users/OKSU/Desktop/IOTstudy149/utils/apache-tomcat-9.0.0.M17/webapps/web13ServletJSON.war
16-Mar-2017 11:15:22.751 정보 [localhost-startStop-1] org.apache.catalina.startup.HostConfig.deployWAR Deployment of web application archive /Users/OKSU/Desktop/IOTstudy149/utils/apache-tomcat-9.0.0.M17/webapps/web13ServletJSON.war has finished in 86 ms
16-Mar-2017 11:15:22.753 정보 [localhost-startStop-1] org.apache.catalina.startup.HostConfig.deployWAR Deploying web application archive /Users/OKSU/Desktop/IOTstudy149/utils/apache-tomcat-9.0.0.M17/webapps/web16FileUpload.war
16-Mar-2017 11:15:22.787 정보 [localhost-startStop-1] org.apache.catalina.startup.HostConfig.deployWAR Deployment of web application archive /Users/OKSU/Desktop/IOTstudy149/utils/apache-tomcat-9.0.0.M17/webapps/web16FileUpload.war has finished in 33 ms
16-Mar-2017 11:15:22.789 정보 [localhost-startStop-1] org.apache.catalina.startup.HostConfig.deployDirectory Deploying web application directory /Users/OKSU/Desktop/IOTstudy149/utils/apache-tomcat-9.0.0.M17/webapps/docs
16-Mar-2017 11:15:22.808 정보 [localhost-startStop-1] org.apache.catalina.startup.HostConfig.deployDirectory Deployment of web application directory /Users/OKSU/Desktop/IOTstudy149/utils/apache-tomcat-9.0.0.M17/webapps/docs has finished in 19 ms
16-Mar-2017 11:15:22.808 정보 [localhost-startStop-1] org.apache.catalina.startup.HostConfig.deployDirectory Deploying web application directory /Users/OKSU/Desktop/IOTstudy149/utils/apache-tomcat-9.0.0.M17/webapps/examples
16-Mar-2017 11:15:23.174 정보 [localhost-startStop-1] org.apache.catalina.startup.HostConfig.deployDirectory Deployment of web application directory /Users/OKSU/Desktop/IOTstudy149/utils/apache-tomcat-9.0.0.M17/webapps/examples has finished in 366 ms
16-Mar-2017 11:15:23.174 정보 [localhost-startStop-1] org.apache.catalina.startup.HostConfig.deployDirectory Deploying web application directory /Users/OKSU/Desktop/IOTstudy149/utils/apache-tomcat-9.0.0.M17/webapps/host-manager
16-Mar-2017 11:15:23.201 정보 [localhost-startStop-1] org.apache.catalina.startup.HostConfig.deployDirectory Deployment of web application directory /Users/OKSU/Desktop/IOTstudy149/utils/apache-tomcat-9.0.0.M17/webapps/host-manager has finished in 27 ms
16-Mar-2017 11:15:23.202 정보 [localhost-startStop-1] org.apache.catalina.startup.HostConfig.deployDirectory Deploying web application directory /Users/OKSU/Desktop/IOTstudy149/utils/apache-tomcat-9.0.0.M17/webapps/manager
16-Mar-2017 11:15:23.223 정보 [localhost-startStop-1] org.apache.catalina.startup.HostConfig.deployDirectory Deployment of web application directory /Users/OKSU/Desktop/IOTstudy149/utils/apache-tomcat-9.0.0.M17/webapps/manager has finished in 21 ms
16-Mar-2017 11:15:23.223 정보 [localhost-startStop-1] org.apache.catalina.startup.HostConfig.deployDirectory Deploying web application directory /Users/OKSU/Desktop/IOTstudy149/utils/apache-tomcat-9.0.0.M17/webapps/ROOT
16-Mar-2017 11:15:23.244 정보 [localhost-startStop-1] org.apache.catalina.startup.HostConfig.deployDirectory Deployment of web application directory /Users/OKSU/Desktop/IOTstudy149/utils/apache-tomcat-9.0.0.M17/webapps/ROOT has finished in 21 ms
16-Mar-2017 11:15:23.247 정보 [main] org.apache.coyote.AbstractProtocol.start Starting ProtocolHandler [http-nio-8090]
16-Mar-2017 11:15:23.262 정보 [main] org.apache.coyote.AbstractProtocol.start Starting ProtocolHandler [ajp-nio-8009]
16-Mar-2017 11:15:23.263 정보 [main] org.apache.catalina.startup.Catalina.start Server startup in 1675 ms
16-Mar-2017 22:46:36.771 정보 [Thread-5] org.apache.coyote.AbstractProtocol.pause Pausing ProtocolHandler ["http-nio-8090"]
16-Mar-2017 22:46:36.863 정보 [Thread-5] org.apache.coyote.AbstractProtocol.pause Pausing ProtocolHandler ["ajp-nio-8009"]
16-Mar-2017 22:46:36.920 정보 [Thread-5] org.apache.catalina.core.StandardService.stopInternal Stopping service Catalina
16-Mar-2017 22:46:36.977 정보 [Thread-5] org.apache.coyote.AbstractProtocol.stop Stopping ProtocolHandler ["http-nio-8090"]
16-Mar-2017 22:46:36.981 정보 [Thread-5] org.apache.coyote.AbstractProtocol.stop Stopping ProtocolHandler ["ajp-nio-8009"]
16-Mar-2017 22:46:36.982 정보 [Thread-5] org.apache.coyote.AbstractProtocol.destroy Destroying ProtocolHandler ["http-nio-8090"]
16-Mar-2017 22:46:36.983 정보 [Thread-5] org.apache.coyote.AbstractProtocol.destroy Destroying ProtocolHandler ["ajp-nio-8009"]
