07-Mar-2017 09:18:06.328 정보 [main] org.apache.catalina.startup.VersionLoggerListener.log Server version:        Apache Tomcat/9.0.0.M17
07-Mar-2017 09:18:06.343 정보 [main] org.apache.catalina.startup.VersionLoggerListener.log Server built:          Jan 10 2017 20:59:20 UTC
07-Mar-2017 09:18:06.344 정보 [main] org.apache.catalina.startup.VersionLoggerListener.log Server number:         9.0.0.0
07-Mar-2017 09:18:06.344 정보 [main] org.apache.catalina.startup.VersionLoggerListener.log OS Name:               Mac OS X
07-Mar-2017 09:18:06.344 정보 [main] org.apache.catalina.startup.VersionLoggerListener.log OS Version:            10.12.3
07-Mar-2017 09:18:06.344 정보 [main] org.apache.catalina.startup.VersionLoggerListener.log Architecture:          x86_64
07-Mar-2017 09:18:06.344 정보 [main] org.apache.catalina.startup.VersionLoggerListener.log Java Home:             /Library/Java/JavaVirtualMachines/jdk1.8.0_121.jdk/Contents/Home/jre
07-Mar-2017 09:18:06.344 정보 [main] org.apache.catalina.startup.VersionLoggerListener.log JVM Version:           1.8.0_121-b13
07-Mar-2017 09:18:06.344 정보 [main] org.apache.catalina.startup.VersionLoggerListener.log JVM Vendor:            Oracle Corporation
07-Mar-2017 09:18:06.345 정보 [main] org.apache.catalina.startup.VersionLoggerListener.log CATALINA_BASE:         /Users/OKSU/Desktop/IOTstudy149/utils/apache-tomcat-9.0.0.M17
07-Mar-2017 09:18:06.345 정보 [main] org.apache.catalina.startup.VersionLoggerListener.log CATALINA_HOME:         /Users/OKSU/Desktop/IOTstudy149/utils/apache-tomcat-9.0.0.M17
07-Mar-2017 09:18:06.345 정보 [main] org.apache.catalina.startup.VersionLoggerListener.log Command line argument: -Djava.util.logging.config.file=/Users/OKSU/Desktop/IOTstudy149/utils/apache-tomcat-9.0.0.M17/conf/logging.properties
07-Mar-2017 09:18:06.346 정보 [main] org.apache.catalina.startup.VersionLoggerListener.log Command line argument: -Djava.util.logging.manager=org.apache.juli.ClassLoaderLogManager
07-Mar-2017 09:18:06.346 정보 [main] org.apache.catalina.startup.VersionLoggerListener.log Command line argument: -Djdk.tls.ephemeralDHKeySize=2048
07-Mar-2017 09:18:06.346 정보 [main] org.apache.catalina.startup.VersionLoggerListener.log Command line argument: -Djava.protocol.handler.pkgs=org.apache.catalina.webresources
07-Mar-2017 09:18:06.346 정보 [main] org.apache.catalina.startup.VersionLoggerListener.log Command line argument: -Dcatalina.base=/Users/OKSU/Desktop/IOTstudy149/utils/apache-tomcat-9.0.0.M17
07-Mar-2017 09:18:06.346 정보 [main] org.apache.catalina.startup.VersionLoggerListener.log Command line argument: -Dcatalina.home=/Users/OKSU/Desktop/IOTstudy149/utils/apache-tomcat-9.0.0.M17
07-Mar-2017 09:18:06.346 정보 [main] org.apache.catalina.startup.VersionLoggerListener.log Command line argument: -Djava.io.tmpdir=/Users/OKSU/Desktop/IOTstudy149/utils/apache-tomcat-9.0.0.M17/temp
07-Mar-2017 09:18:06.346 정보 [main] org.apache.catalina.core.AprLifecycleListener.lifecycleEvent The APR based Apache Tomcat Native library which allows optimal performance in production environments was not found on the java.library.path: /Users/OKSU/Library/Java/Extensions:/Library/Java/Extensions:/Network/Library/Java/Extensions:/System/Library/Java/Extensions:/usr/lib/java:.
07-Mar-2017 09:18:06.730 정보 [main] org.apache.coyote.AbstractProtocol.init Initializing ProtocolHandler ["http-nio-8090"]
07-Mar-2017 09:18:06.810 정보 [main] org.apache.tomcat.util.net.NioSelectorPool.getSharedSelector Using a shared selector for servlet write/read
07-Mar-2017 09:18:06.815 정보 [main] org.apache.coyote.AbstractProtocol.init Initializing ProtocolHandler ["ajp-nio-8009"]
07-Mar-2017 09:18:06.817 정보 [main] org.apache.tomcat.util.net.NioSelectorPool.getSharedSelector Using a shared selector for servlet write/read
07-Mar-2017 09:18:06.818 정보 [main] org.apache.catalina.startup.Catalina.load Initialization processed in 1266 ms
07-Mar-2017 09:18:06.864 정보 [main] org.apache.catalina.core.StandardService.startInternal Starting service Catalina
07-Mar-2017 09:18:06.864 정보 [main] org.apache.catalina.core.StandardEngine.startInternal Starting Servlet Engine: Apache Tomcat/9.0.0.M17
07-Mar-2017 09:18:06.916 정보 [localhost-startStop-1] org.apache.catalina.startup.HostConfig.deployWAR Deploying web application archive /Users/OKSU/Desktop/IOTstudy149/utils/apache-tomcat-9.0.0.M17/webapps/web13ServletJSON.war
07-Mar-2017 09:18:07.920 정보 [localhost-startStop-1] org.apache.catalina.startup.HostConfig.deployWAR Deployment of web application archive /Users/OKSU/Desktop/IOTstudy149/utils/apache-tomcat-9.0.0.M17/webapps/web13ServletJSON.war has finished in 1,004 ms
07-Mar-2017 09:18:07.923 정보 [localhost-startStop-1] org.apache.catalina.startup.HostConfig.deployDirectory Deploying web application directory /Users/OKSU/Desktop/IOTstudy149/utils/apache-tomcat-9.0.0.M17/webapps/docs
07-Mar-2017 09:18:07.954 정보 [localhost-startStop-1] org.apache.catalina.startup.HostConfig.deployDirectory Deployment of web application directory /Users/OKSU/Desktop/IOTstudy149/utils/apache-tomcat-9.0.0.M17/webapps/docs has finished in 31 ms
07-Mar-2017 09:18:07.954 정보 [localhost-startStop-1] org.apache.catalina.startup.HostConfig.deployDirectory Deploying web application directory /Users/OKSU/Desktop/IOTstudy149/utils/apache-tomcat-9.0.0.M17/webapps/examples
07-Mar-2017 09:18:08.513 정보 [localhost-startStop-1] org.apache.catalina.startup.HostConfig.deployDirectory Deployment of web application directory /Users/OKSU/Desktop/IOTstudy149/utils/apache-tomcat-9.0.0.M17/webapps/examples has finished in 559 ms
07-Mar-2017 09:18:08.514 정보 [localhost-startStop-1] org.apache.catalina.startup.HostConfig.deployDirectory Deploying web application directory /Users/OKSU/Desktop/IOTstudy149/utils/apache-tomcat-9.0.0.M17/webapps/host-manager
07-Mar-2017 09:18:08.548 정보 [localhost-startStop-1] org.apache.catalina.startup.HostConfig.deployDirectory Deployment of web application directory /Users/OKSU/Desktop/IOTstudy149/utils/apache-tomcat-9.0.0.M17/webapps/host-manager has finished in 34 ms
07-Mar-2017 09:18:08.548 정보 [localhost-startStop-1] org.apache.catalina.startup.HostConfig.deployDirectory Deploying web application directory /Users/OKSU/Desktop/IOTstudy149/utils/apache-tomcat-9.0.0.M17/webapps/manager
07-Mar-2017 09:18:08.571 정보 [localhost-startStop-1] org.apache.catalina.startup.HostConfig.deployDirectory Deployment of web application directory /Users/OKSU/Desktop/IOTstudy149/utils/apache-tomcat-9.0.0.M17/webapps/manager has finished in 23 ms
07-Mar-2017 09:18:08.571 정보 [localhost-startStop-1] org.apache.catalina.startup.HostConfig.deployDirectory Deploying web application directory /Users/OKSU/Desktop/IOTstudy149/utils/apache-tomcat-9.0.0.M17/webapps/ROOT
07-Mar-2017 09:18:08.589 정보 [localhost-startStop-1] org.apache.catalina.startup.HostConfig.deployDirectory Deployment of web application directory /Users/OKSU/Desktop/IOTstudy149/utils/apache-tomcat-9.0.0.M17/webapps/ROOT has finished in 18 ms
07-Mar-2017 09:18:08.593 정보 [main] org.apache.coyote.AbstractProtocol.start Starting ProtocolHandler [http-nio-8090]
07-Mar-2017 09:18:08.601 정보 [main] org.apache.coyote.AbstractProtocol.start Starting ProtocolHandler [ajp-nio-8009]
07-Mar-2017 09:18:08.602 정보 [main] org.apache.catalina.startup.Catalina.start Server startup in 1783 ms
07-Mar-2017 10:10:36.258 정보 [main] org.apache.catalina.core.StandardServer.await A valid shutdown command was received via the shutdown port. Stopping the Server instance.
07-Mar-2017 10:10:36.266 정보 [main] org.apache.coyote.AbstractProtocol.pause Pausing ProtocolHandler ["http-nio-8090"]
07-Mar-2017 10:10:36.334 정보 [main] org.apache.coyote.AbstractProtocol.pause Pausing ProtocolHandler ["ajp-nio-8009"]
07-Mar-2017 10:10:36.391 정보 [main] org.apache.catalina.core.StandardService.stopInternal Stopping service Catalina
07-Mar-2017 10:10:36.481 정보 [main] org.apache.coyote.AbstractProtocol.stop Stopping ProtocolHandler ["http-nio-8090"]
07-Mar-2017 10:10:36.489 정보 [main] org.apache.coyote.AbstractProtocol.stop Stopping ProtocolHandler ["ajp-nio-8009"]
07-Mar-2017 10:10:36.493 정보 [main] org.apache.coyote.AbstractProtocol.destroy Destroying ProtocolHandler ["http-nio-8090"]
07-Mar-2017 10:10:36.494 정보 [main] org.apache.coyote.AbstractProtocol.destroy Destroying ProtocolHandler ["ajp-nio-8009"]
